*** Using Compiler 'V5.06 update 7 (build 960)', folder: 'D:\STM32\MDKapp\ARM\ARMCC\Bin'
Rebuild target 'Target 1'
compiling stm32f10x_it.c...
compiling misc.c...
compiling stm32f10x_cec.c...
compiling stm32f10x_crc.c...
compiling stm32f10x_bkp.c...
compiling stm32f10x_adc.c...
compiling stm32f10x_can.c...
compiling main.c...
compiling stm32f10x_dac.c...
compiling stm32f10x_dbgmcu.c...
compiling stm32f10x_exti.c...
compiling stm32f10x_dma.c...
compiling stm32f10x_fsmc.c...
compiling stm32f10x_gpio.c...
compiling stm32f10x_i2c.c...
compiling stm32f10x_flash.c...
compiling stm32f10x_iwdg.c...
compiling stm32f10x_pwr.c...
compiling stm32f10x_sdio.c...
compiling stm32f10x_rcc.c...
compiling stm32f10x_rtc.c...
compiling stm32f10x_usart.c...
compiling stm32f10x_spi.c...
assembling startup_stm32f10x_md.s...
compiling stm32f10x_tim.c...
compiling core_cm3.c...
compiling stm32f10x_wwdg.c...
compiling led.c...
compiling key.c...
compiling system_stm32f10x.c...
compiling blueteeth.c...
compiling delay.c...
compiling oled.c...
..\CODE\oled.c(298): warning:  #550-D: variable "sen"  was set but never used
  	unsigned char sen[7];
..\CODE\oled.c: 1 warning, 0 errors
compiling TCS34725.c...
linking...
Program Size: Code=5860 RO-data=2340 RW-data=56 ZI-data=1632  
FromELF: creating hex file...
".\Objects\learning_32.axf" - 0 Error(s), 1 Warning(s).
Build Time Elapsed:  00:00:04
